# JRE version: OpenJDK Runtime Environment (11.0.11+9) (build 11.0.11+9-b60-7590822)
# Java VM: OpenJDK 64-Bit Server VM (11.0.11+9-b60-7590822, mixed mode, tiered, compressed oops, g1 gc, windows-amd64)
Heap:
 garbage-first heap   total 573440K, used 277180K [0x0000000080000000, 0x0000000100000000)
  region size 1024K, 2 young (2048K), 2 survivors (2048K)
 Metaspace       used 161492K, capacity 166588K, committed 166724K, reserved 1193984K
  class space    used 20050K, capacity 21901K, committed 22012K, reserved 1048576K
GC Heap History (20 events):
Event: 20413.368 GC heap after
{Heap after GC invocations=147 (full 0):
 garbage-first heap   total 274432K, used 200831K [0x0000000080000000, 0x0000000100000000)
  region size 1024K, 8 young (8192K), 8 survivors (8192K)
 Metaspace       used 161294K, capacity 166451K, committed 166724K, reserved 1193984K
  class space    used 20050K, capacity 21901K, committed 22012K, reserved 1048576K
}
Event: 20413.390 GC heap before
{Heap before GC invocations=147 (full 0):
 garbage-first heap   total 274432K, used 205951K [0x0000000080000000, 0x0000000100000000)
  region size 1024K, 13 young (13312K), 8 survivors (8192K)
 Metaspace       used 161294K, capacity 166451K, committed 166724K, reserved 1193984K
  class space    used 20050K, capacity 21901K, committed 22012K, reserved 1048576K
}
Event: 20413.399 GC heap after
{Heap after GC invocations=148 (full 0):
 garbage-first heap   total 274432K, used 203108K [0x0000000080000000, 0x0000000100000000)
  region size 1024K, 2 young (2048K), 2 survivors (2048K)
 Metaspace       used 161294K, capacity 166451K, committed 166724K, reserved 1193984K
  class space    used 20050K, capacity 21901K, committed 22012K, reserved 1048576K
}
Event: 20413.458 GC heap before
{Heap before GC invocations=148 (full 0):
 garbage-first heap   total 274432K, used 215396K [0x0000000080000000, 0x0000000100000000)
  region size 1024K, 15 young (15360K), 2 survivors (2048K)
 Metaspace       used 161294K, capacity 166451K, committed 166724K, reserved 1193984K
  class space    used 20050K, capacity 21901K, committed 22012K, reserved 1048576K
}
Event: 20413.470 GC heap after
{Heap after GC invocations=149 (full 0):
 garbage-first heap   total 274432K, used 209142K [0x0000000080000000, 0x0000000100000000)
  region size 1024K, 4 young (4096K), 4 survivors (4096K)
 Metaspace       used 161294K, capacity 166451K, committed 166724K, reserved 1193984K
  class space    used 20050K, capacity 21901K, committed 22012K, reserved 1048576K
}
Event: 20413.612 GC heap before
{Heap before GC invocations=149 (full 0):
 garbage-first heap   total 274432K, used 229622K [0x0000000080000000, 0x0000000100000000)
  region size 1024K, 22 young (22528K), 4 survivors (4096K)
 Metaspace       used 161295K, capacity 166451K, committed 166724K, reserved 1193984K
  class space    used 20050K, capacity 21901K, committed 22012K, reserved 1048576K
}
Event: 20413.629 GC heap after
{Heap after GC invocations=150 (full 0):
 garbage-first heap   total 274432K, used 218630K [0x0000000080000000, 0x0000000100000000)
  region size 1024K, 3 young (3072K), 3 survivors (3072K)
 Metaspace       used 161295K, capacity 166451K, committed 166724K, reserved 1193984K
  class space    used 20050K, capacity 21901K, committed 22012K, reserved 1048576K
}
Event: 20413.773 GC heap before
{Heap before GC invocations=150 (full 0):
 garbage-first heap   total 274432K, used 230918K [0x0000000080000000, 0x0000000100000000)
  region size 1024K, 16 young (16384K), 3 survivors (3072K)
 Metaspace       used 161411K, capacity 166520K, committed 166724K, reserved 1193984K
  class space    used 20050K, capacity 21901K, committed 22012K, reserved 1048576K
}
Event: 20413.791 GC heap after
{Heap after GC invocations=151 (full 0):
 garbage-first heap   total 274432K, used 225408K [0x0000000080000000, 0x0000000100000000)
  region size 1024K, 2 young (2048K), 2 survivors (2048K)
 Metaspace       used 161411K, capacity 166520K, committed 166724K, reserved 1193984K
  class space    used 20050K, capacity 21901K, committed 22012K, reserved 1048576K
}
Event: 20413.833 GC heap before
{Heap before GC invocations=152 (full 0):
 garbage-first heap   total 274432K, used 235648K [0x0000000080000000, 0x0000000100000000)
  region size 1024K, 13 young (13312K), 2 survivors (2048K)
 Metaspace       used 161432K, capacity 166521K, committed 166724K, reserved 1193984K
  class space    used 20050K, capacity 21901K, committed 22012K, reserved 1048576K
}
Event: 20413.845 GC heap after
{Heap after GC invocations=153 (full 0):
 garbage-first heap   total 274432K, used 231801K [0x0000000080000000, 0x0000000100000000)
  region size 1024K, 2 young (2048K), 2 survivors (2048K)
 Metaspace       used 161432K, capacity 166521K, committed 166724K, reserved 1193984K
  class space    used 20050K, capacity 21901K, committed 22012K, reserved 1048576K
}
Event: 20413.882 GC heap before
{Heap before GC invocations=153 (full 0):
 garbage-first heap   total 274432K, used 243065K [0x0000000080000000, 0x0000000100000000)
  region size 1024K, 13 young (13312K), 2 survivors (2048K)
 Metaspace       used 161461K, capacity 166586K, committed 166724K, reserved 1193984K
  class space    used 20050K, capacity 21901K, committed 22012K, reserved 1048576K
}
Event: 20413.906 GC heap after
{Heap after GC invocations=154 (full 0):
 garbage-first heap   total 331776K, used 234077K [0x0000000080000000, 0x0000000100000000)
  region size 1024K, 2 young (2048K), 2 survivors (2048K)
 Metaspace       used 161461K, capacity 166586K, committed 166724K, reserved 1193984K
  class space    used 20050K, capacity 21901K, committed 22012K, reserved 1048576K
}
Event: 20414.139 GC heap before
{Heap before GC invocations=154 (full 0):
 garbage-first heap   total 331776K, used 259677K [0x0000000080000000, 0x0000000100000000)
  region size 1024K, 27 young (27648K), 2 survivors (2048K)
 Metaspace       used 161483K, capacity 166587K, committed 166724K, reserved 1193984K
  class space    used 20050K, capacity 21901K, committed 22012K, reserved 1048576K
}
Event: 20414.158 GC heap after
{Heap after GC invocations=155 (full 0):
 garbage-first heap   total 331776K, used 248755K [0x0000000080000000, 0x0000000100000000)
  region size 1024K, 4 young (4096K), 4 survivors (4096K)
 Metaspace       used 161483K, capacity 166587K, committed 166724K, reserved 1193984K
  class space    used 20050K, capacity 21901K, committed 22012K, reserved 1048576K
}
Event: 20414.271 GC heap before
{Heap before GC invocations=155 (full 0):
 garbage-first heap   total 331776K, used 268211K [0x0000000080000000, 0x0000000100000000)
  region size 1024K, 24 young (24576K), 4 survivors (4096K)
 Metaspace       used 161491K, capacity 166588K, committed 166724K, reserved 1193984K
  class space    used 20050K, capacity 21901K, committed 22012K, reserved 1048576K
}
Event: 20414.287 GC heap after
{Heap after GC invocations=156 (full 0):
 garbage-first heap   total 331776K, used 260322K [0x0000000080000000, 0x0000000100000000)
  region size 1024K, 3 young (3072K), 3 survivors (3072K)
 Metaspace       used 161491K, capacity 166588K, committed 166724K, reserved 1193984K
  class space    used 20050K, capacity 21901K, committed 22012K, reserved 1048576K
}
Event: 20414.489 GC heap before
{Heap before GC invocations=156 (full 0):
 garbage-first heap   total 331776K, used 274658K [0x0000000080000000, 0x0000000100000000)
  region size 1024K, 18 young (18432K), 3 survivors (3072K)
 Metaspace       used 161491K, capacity 166588K, committed 166724K, reserved 1193984K
  class space    used 20050K, capacity 21901K, committed 22012K, reserved 1048576K
}
Event: 20414.502 GC heap after
{Heap after GC invocations=157 (full 0):
 garbage-first heap   total 331776K, used 269542K [0x0000000080000000, 0x0000000100000000)
  region size 1024K, 3 young (3072K), 3 survivors (3072K)
 Metaspace       used 161491K, capacity 166588K, committed 166724K, reserved 1193984K
  class space    used 20050K, capacity 21901K, committed 22012K, reserved 1048576K
}
Event: 20414.578 GC heap before
{Heap before GC invocations=157 (full 0):
 garbage-first heap   total 331776K, used 281830K [0x0000000080000000, 0x0000000100000000)
  region size 1024K, 16 young (16384K), 3 survivors (3072K)
 Metaspace       used 161492K, capacity 166588K, committed 166724K, reserved 1193984K
  class space    used 20050K, capacity 21901K, committed 22012K, reserved 1048576K
}

